<?xml version="1.0" encoding="UTF-8"?>
<!-- Generated by org.testng.reporters.JUnitXMLReporter -->
<testsuite ignored="1" hostname="DESKTOP-FM8NVR2" failures="2" tests="4" name="Amazon Application - Chrome" time="22.425" errors="0" timestamp="2022-03-30T21:18:33 SGT">
  <testcase classname="com.qa.testscripts.TC_Amazon_003" name="searchItem" time="0.0">
    <skipped/>
  </testcase> <!-- searchItem -->
  <testcase classname="com.qa.testscripts.TC_Amazon_005" name="footerLinks" time="0.11">
    <failure type="java.lang.AssertionError" message="expected [52] but found [50]">
      <![CDATA[java.lang.AssertionError: expected [52] but found [50]
at com.qa.testscripts.TC_Amazon_005.footerLinks(TC_Amazon_005.java:18)
at java.base/java.util.concurrent.ThreadPoolExecutor.runWorker(ThreadPoolExecutor.java:1128)
at java.base/java.util.concurrent.ThreadPoolExecutor$Worker.run(ThreadPoolExecutor.java:628)
at java.base/java.lang.Thread.run(Thread.java:834)
... Removed 18 stack frames]]>
    </failure>
  </testcase> <!-- footerLinks -->
  <testcase classname="com.qa.testscripts.TC_Amazon_005" name="getLinkNames" time="0.0">
    <skipped/>
  </testcase> <!-- getLinkNames -->
  <testcase classname="com.qa.testscripts.TC_Amazon_004" name="newUserReg" time="1.985">
    <failure type="java.lang.AssertionError" message="expected [Registration] but found [Amazon Registration]">
      <![CDATA[java.lang.AssertionError: expected [Registration] but found [Amazon Registration]
at com.qa.testscripts.TC_Amazon_004.newUserReg(TC_Amazon_004.java:23)
at java.base/java.util.concurrent.ThreadPoolExecutor.runWorker(ThreadPoolExecutor.java:1128)
at java.base/java.util.concurrent.ThreadPoolExecutor$Worker.run(ThreadPoolExecutor.java:628)
at java.base/java.lang.Thread.run(Thread.java:834)
... Removed 18 stack frames]]>
    </failure>
  </testcase> <!-- newUserReg -->
  <testcase classname="com.qa.testscripts.TC_Amazon_003" name="validateTitle" time="0.0">
    <ignored/>
  </testcase> <!-- validateTitle -->
</testsuite> <!-- Amazon Application - Chrome -->
