<?xml version="1.0" encoding="UTF-8"?>
<!-- Generated by org.testng.reporters.JUnitXMLReporter -->
<testsuite ignored="0" hostname="DESKTOP-FM8NVR2" failures="0" tests="2" name="JQuery application- Chrome" time="12.198" errors="0" timestamp="2022-03-31T14:31:28 SGT">
  <testcase classname="com.qa.testscripts.TC_ScreenshotDemo" name="screenshotByDriver" time="1.401"/>
  <testcase classname="com.qa.testscripts.TC_ScreenshotDemo" name="screenshotByElement" time="0.429"/>
</testsuite> <!-- JQuery application- Chrome -->
