<?xml version="1.0" encoding="UTF-8"?>
<!-- Generated by org.testng.reporters.JUnitXMLReporter -->
<testsuite ignored="2" hostname="DESKTOP-FM8NVR2" failures="0" tests="1" name="Oracle 8 Application - Frames- Chrome" time="14.215" errors="0" timestamp="2022-03-30T22:04:44 SGT">
  <testcase classname="com.qa.testscripts.TC_DemoFrames_001" name="frameByElement" time="5.197"/>
  <testcase classname="com.qa.testscripts.TC_DemoFrames_001" name="frameByName" time="0.0">
    <ignored/>
  </testcase> <!-- frameByName -->
  <testcase classname="com.qa.testscripts.TC_DemoFrames_001" name="framesByIndex" time="0.0">
    <ignored/>
  </testcase> <!-- framesByIndex -->
</testsuite> <!-- Oracle 8 Application - Frames- Chrome -->
