<?xml version="1.0" encoding="UTF-8"?>
<testng-results ignored="0" total="2" passed="2" failed="0" skipped="0">
  <reporter-output>
  </reporter-output>
  <suite started-at="2022-03-31T14:31:16 SGT" name="Functional Test Suite" finished-at="2022-03-31T14:31:28 SGT" duration-ms="12198">
    <groups>
    </groups>
    <test started-at="2022-03-31T14:31:16 SGT" name="JQuery application- Chrome" finished-at="2022-03-31T14:31:28 SGT" duration-ms="12198">
      <class name="com.qa.testscripts.TC_ScreenshotDemo">
        <test-method is-config="true" signature="setUp(java.lang.String,java.lang.String)[pri:0, instance:com.qa.testscripts.TC_ScreenshotDemo@156b88f5]" started-at="2022-03-31T14:31:16 SGT" name="setUp" finished-at="2022-03-31T14:31:25 SGT" duration-ms="8818" status="PASS">
          <params>
            <param index="0">
              <value>
                <![CDATA[Chrome]]>
              </value>
            </param>
            <param index="1">
              <value>
                <![CDATA[https://www.amazon.in/]]>
              </value>
            </param>
          </params>
          <reporter-output>
          </reporter-output>
        </test-method> <!-- setUp -->
        <test-method signature="screenshotByDriver()[pri:0, instance:com.qa.testscripts.TC_ScreenshotDemo@156b88f5]" started-at="2022-03-31T14:31:25 SGT" name="screenshotByDriver" finished-at="2022-03-31T14:31:27 SGT" duration-ms="1401" status="PASS">
          <reporter-output>
          </reporter-output>
        </test-method> <!-- screenshotByDriver -->
        <test-method signature="screenshotByElement()[pri:0, instance:com.qa.testscripts.TC_ScreenshotDemo@156b88f5]" started-at="2022-03-31T14:31:27 SGT" name="screenshotByElement" finished-at="2022-03-31T14:31:27 SGT" duration-ms="429" status="PASS">
          <reporter-output>
          </reporter-output>
        </test-method> <!-- screenshotByElement -->
        <test-method is-config="true" signature="tearDown()[pri:0, instance:com.qa.testscripts.TC_ScreenshotDemo@156b88f5]" started-at="2022-03-31T14:31:27 SGT" name="tearDown" finished-at="2022-03-31T14:31:28 SGT" duration-ms="1115" status="PASS">
          <reporter-output>
          </reporter-output>
        </test-method> <!-- tearDown -->
      </class> <!-- com.qa.testscripts.TC_ScreenshotDemo -->
    </test> <!-- JQuery application- Chrome -->
  </suite> <!-- Functional Test Suite -->
</testng-results>
